09:01:26.692 [com.intuit.karate.cli.Main.main()] INFO  com.intuit.karate - Karate version: 1.1.0
09:01:27.183 [com.intuit.karate.cli.Main.main()] DEBUG com.intuit.karate.Suite - [config] classpath:karate-config.js
09:01:27.239 [com.intuit.karate.cli.Main.main()] INFO  c.intuit.karate.core.FeatureRuntime - found scenario at line: 101
09:01:29.466 [com.intuit.karate.cli.Main.main()] INFO  com.intuit.karate - karate.env system property was: null 
09:01:31.426 [com.intuit.karate.cli.Main.main()] DEBUG com.intuit.karate - request:
1 > POST https://api.realworld.io/api/users/login
1 > Content-Type: application/json; charset=UTF-8
1 > Content-Length: 58
1 > Host: api.realworld.io
1 > Connection: Keep-Alive
1 > User-Agent: Apache-HttpClient/4.5.13 (Java/1.8.0_311)
1 > Accept-Encoding: gzip,deflate
{"user":{"email":"luffy@gmail.com","password":"todomelo"}}

09:01:32.256 [com.intuit.karate.cli.Main.main()] DEBUG com.intuit.karate - response time in milliseconds: 820
1 < 200
1 < Date: Wed, 19 Jan 2022 14:01:31 GMT
1 < Content-Type: application/json; charset=utf-8
1 < Transfer-Encoding: chunked
1 < Connection: keep-alive
1 < x-powered-by: Express
1 < access-control-allow-origin: *
1 < etag: W/"1da-LH8/e+o2In+ZfzzJBwA7uRu3vuI"
1 < via: 1.1 vegur
1 < CF-Cache-Status: DYNAMIC
1 < Expect-CT: max-age=604800, report-uri="https://report-uri.cloudflare.com/cdn-cgi/beacon/expect-ct"
1 < Report-To: {"endpoints":[{"url":"https:\/\/a.nel.cloudflare.com\/report\/v3?s=6w1mgso8M4WyuECgbwkIaxjZhEvXncx%2FsJSVb6sk3KtqkKzmnnQhn8jBxhCmlW0S3Ss3frsrL0JZk3D0dHlhmXmRT6Fg3TeCJINDuAll8EEOyY5qHNCfrOYi6vk54aM%2FWTYd"}],"group":"cf-nel","max_age":604800}
1 < NEL: {"success_fraction":0,"report_to":"cf-nel","max_age":604800}
1 < Server: cloudflare
1 < CF-RAY: 6d009871df2f8d9d-MIA
1 < alt-svc: h3=":443"; ma=86400, h3-29=":443"; ma=86400
{"user":{"email":"luffy@gmail.com","username":"Aczino","bio":null,"image":null,"token":"eyJhbGciOiJIUzI1NiIsInR5cCI6IkpXVCJ9.eyJlbWFpbCI6Imx1ZmZ5QGdtYWlsLmNvbSIsInVzZXJuYW1lIjoiQWN6aW5vIiwicGFzc3dvcmQiOiIkMmEkMTAkcXVmWVF6bVNSVlNMb1RsU3Z2MTllT3V3RThLUFNFakdoakFSZ1Y5WnlyZkZCWFdSYndkTmEiLCJiaW8iOm51bGwsImltYWdlIjoiaHR0cHM6Ly9hcGkucmVhbHdvcmxkLmlvL2ltYWdlcy9zbWlsZXktY3lydXMuanBlZyIsImlhdCI6MTY0MjYwMDg5MSwiZXhwIjoxNjQ3Nzg0ODkxfQ.IRrNXyfikDKyhXUXXEnztrG7gjsP1zUmaBAdTG-c8ic"}}
09:01:32.309 [com.intuit.karate.cli.Main.main()] DEBUG com.intuit.karate - request:
1 > GET https://api.realworld.io/api/articles?offset=0&limit=10
1 > Authorization: Token eyJhbGciOiJIUzI1NiIsInR5cCI6IkpXVCJ9.eyJlbWFpbCI6Imx1ZmZ5QGdtYWlsLmNvbSIsInVzZXJuYW1lIjoiQWN6aW5vIiwicGFzc3dvcmQiOiIkMmEkMTAkcXVmWVF6bVNSVlNMb1RsU3Z2MTllT3V3RThLUFNFakdoakFSZ1Y5WnlyZkZCWFdSYndkTmEiLCJiaW8iOm51bGwsImltYWdlIjoiaHR0cHM6Ly9hcGkucmVhbHdvcmxkLmlvL2ltYWdlcy9zbWlsZXktY3lydXMuanBlZyIsImlhdCI6MTY0MjYwMDg5MSwiZXhwIjoxNjQ3Nzg0ODkxfQ.IRrNXyfikDKyhXUXXEnztrG7gjsP1zUmaBAdTG-c8ic
1 > Host: api.realworld.io
1 > Connection: Keep-Alive
1 > User-Agent: Apache-HttpClient/4.5.13 (Java/1.8.0_311)
1 > Accept-Encoding: gzip,deflate


09:01:32.997 [com.intuit.karate.cli.Main.main()] DEBUG com.intuit.karate - response time in milliseconds: 683
1 < 200
1 < Date: Wed, 19 Jan 2022 14:01:32 GMT
1 < Content-Type: application/json; charset=utf-8
1 < Transfer-Encoding: chunked
1 < Connection: keep-alive
1 < x-powered-by: Express
1 < access-control-allow-origin: *
1 < etag: W/"b9e-a5RN2wSnj0W8yIM2Kgv+KRQvF78"
1 < via: 1.1 vegur
1 < CF-Cache-Status: DYNAMIC
1 < Expect-CT: max-age=604800, report-uri="https://report-uri.cloudflare.com/cdn-cgi/beacon/expect-ct"
1 < Report-To: {"endpoints":[{"url":"https:\/\/a.nel.cloudflare.com\/report\/v3?s=IFLORPD5t3Dwj35Y%2FxgXQcAq3myKJ%2BEFj5PDg29YRLFli59TNJIJUuNIVmUDGVrWniSBNvIVvlQYeSMtVAqT19CqafESdUe4F4VZFO2K%2BfsqqXLDIfV1LOh7nOUNfEUDvIyo"}],"group":"cf-nel","max_age":604800}
1 < NEL: {"success_fraction":0,"report_to":"cf-nel","max_age":604800}
1 < Server: cloudflare
1 < CF-RAY: 6d009875bccc09c6-MIA
1 < alt-svc: h3=":443"; ma=86400, h3-29=":443"; ma=86400
{"articles":[{"slug":"Quence-9532","title":"Quence","description":"Porque es el universo","body":"When the snows fall and the white winds blow, the lone wolf dies but the pack survives.","createdAt":"2022-01-14T16:23:50.502Z","updatedAt":"2022-01-14T16:23:50.502Z","tagList":["El universo"],"author":{"username":"Aczino","bio":null,"image":"https://api.realworld.io/images/smiley-cyrus.jpeg","following":false},"favoritesCount":1,"favorited":true},{"slug":"El-universo-9532","title":"El universo","description":"Porque es el universo","body":"Que hacemos nosotros en el universo","createdAt":"2022-01-14T15:27:33.451Z","updatedAt":"2022-01-14T15:27:33.451Z","tagList":["El universo"],"author":{"username":"Aczino","bio":null,"image":"https://api.realworld.io/images/smiley-cyrus.jpeg","following":false},"favoritesCount":1,"favorited":true},{"slug":"Barras-9532","title":"Barras","description":"Barras, pensalas","body":"Tienes la tinta hasta el cuello","createdAt":"2022-01-11T15:55:17.843Z","updatedAt":"2022-01-13T15:19:30.626Z","tagList":["Barras","El mejor","Redbull"],"author":{"username":"Aczino","bio":null,"image":"https://api.realworld.io/images/smiley-cyrus.jpeg","following":false},"favoritesCount":0,"favorited":false},{"slug":"Create-a-new-implementation-1","title":"Create a new implementation","description":"join the community by creating a new implementation","body":"Share your knowledge and enpower the community by creating a new implementation","createdAt":"2021-11-24T12:11:08.212Z","updatedAt":"2021-11-24T12:11:08.212Z","tagList":["implementations"],"author":{"username":"Gerome","bio":null,"image":"https://api.realworld.io/images/demo-avatar.png","following":false},"favoritesCount":839,"favorited":false},{"slug":"Explore-implementations-1","title":"Explore implementations","description":"discover the implementations created by the RealWorld community","body":"Over 100 implementations have been created using various languages, libraries, and frameworks.\n\nExplore them on CodebaseShow.","createdAt":"2021-11-24T12:11:07.952Z","updatedAt":"2021-11-24T12:11:07.952Z","tagList":["codebaseShow","implementations"],"author":{"username":"Gerome","bio":null,"image":"https://api.realworld.io/images/demo-avatar.png","following":false},"favoritesCount":531,"favorited":false},{"slug":"Welcome-to-RealWorld-project-1","title":"Welcome to RealWorld project","description":"Exemplary fullstack Medium.com clone powered by React, Angular, Node, Django, and many more","body":"See how the exact same Medium.com clone (called Conduit) is built using different frontends and backends. Yes, you can mix and match them, because they all adhere to the same API spec","createdAt":"2021-11-24T12:11:07.557Z","updatedAt":"2021-11-24T12:11:07.557Z","tagList":["welcome","introduction"],"author":{"username":"Gerome","bio":null,"image":"https://api.realworld.io/images/demo-avatar.png","following":false},"favoritesCount":337,"favorited":false}],"articlesCount":6}
09:01:33.018 [com.intuit.karate.cli.Main.main()] INFO  com.intuit.karate - [print] Quence-9532 
09:01:33.024 [com.intuit.karate.cli.Main.main()] DEBUG com.intuit.karate - request:
2 > GET https://api.realworld.io/api/articles/Quence-9532/comments
2 > Authorization: Token eyJhbGciOiJIUzI1NiIsInR5cCI6IkpXVCJ9.eyJlbWFpbCI6Imx1ZmZ5QGdtYWlsLmNvbSIsInVzZXJuYW1lIjoiQWN6aW5vIiwicGFzc3dvcmQiOiIkMmEkMTAkcXVmWVF6bVNSVlNMb1RsU3Z2MTllT3V3RThLUFNFakdoakFSZ1Y5WnlyZkZCWFdSYndkTmEiLCJiaW8iOm51bGwsImltYWdlIjoiaHR0cHM6Ly9hcGkucmVhbHdvcmxkLmlvL2ltYWdlcy9zbWlsZXktY3lydXMuanBlZyIsImlhdCI6MTY0MjYwMDg5MSwiZXhwIjoxNjQ3Nzg0ODkxfQ.IRrNXyfikDKyhXUXXEnztrG7gjsP1zUmaBAdTG-c8ic
2 > Host: api.realworld.io
2 > Connection: Keep-Alive
2 > User-Agent: Apache-HttpClient/4.5.13 (Java/1.8.0_311)
2 > Accept-Encoding: gzip,deflate


09:01:33.344 [com.intuit.karate.cli.Main.main()] DEBUG com.intuit.karate - response time in milliseconds: 318
2 < 200
2 < Date: Wed, 19 Jan 2022 14:01:32 GMT
2 < Content-Type: application/json; charset=utf-8
2 < Transfer-Encoding: chunked
2 < Connection: keep-alive
2 < x-powered-by: Express
2 < access-control-allow-origin: *
2 < etag: W/"2b8-yheX90vdDo5KmLpy6TNqw/PLY5A"
2 < via: 1.1 vegur
2 < CF-Cache-Status: DYNAMIC
2 < Expect-CT: max-age=604800, report-uri="https://report-uri.cloudflare.com/cdn-cgi/beacon/expect-ct"
2 < Report-To: {"endpoints":[{"url":"https:\/\/a.nel.cloudflare.com\/report\/v3?s=2yIDbrUyODtsVQ%2FAwX9bc3bnXDe62Gf0u6gk0h%2B1NGKoh6PvYHyxDySMsrIbCxJVQyrzK4gsDgioV%2BdXQyof1oyNlZvrG3oirTpj%2FY%2F%2FS4ctQzXWpXsi94VzxH7p87oU9xf8"}],"group":"cf-nel","max_age":604800}
2 < NEL: {"success_fraction":0,"report_to":"cf-nel","max_age":604800}
2 < Server: cloudflare
2 < CF-RAY: 6d009879a9a267e0-MIA
2 < alt-svc: h3=":443"; ma=86400, h3-29=":443"; ma=86400
{"comments":[{"id":3890,"createdAt":"2022-01-18T23:57:51.571Z","updatedAt":"2022-01-18T23:57:51.571Z","body":"Nice","author":{"username":"Aczino","bio":null,"image":"https://api.realworld.io/images/smiley-cyrus.jpeg","following":false}},{"id":3891,"createdAt":"2022-01-18T23:58:10.040Z","updatedAt":"2022-01-18T23:58:10.040Z","body":"Obvio bobis","author":{"username":"Aczino","bio":null,"image":"https://api.realworld.io/images/smiley-cyrus.jpeg","following":false}},{"id":4007,"createdAt":"2022-01-19T13:57:38.616Z","updatedAt":"2022-01-19T13:57:38.616Z","body":"Sabroso","author":{"username":"Aczino","bio":null,"image":"https://api.realworld.io/images/smiley-cyrus.jpeg","following":false}}]}
09:01:33.451 [com.intuit.karate.cli.Main.main()] DEBUG com.intuit.karate - request:
3 > POST https://api.realworld.io/api/articles/Quence-9532/comments
3 > Authorization: Token eyJhbGciOiJIUzI1NiIsInR5cCI6IkpXVCJ9.eyJlbWFpbCI6Imx1ZmZ5QGdtYWlsLmNvbSIsInVzZXJuYW1lIjoiQWN6aW5vIiwicGFzc3dvcmQiOiIkMmEkMTAkcXVmWVF6bVNSVlNMb1RsU3Z2MTllT3V3RThLUFNFakdoakFSZ1Y5WnlyZkZCWFdSYndkTmEiLCJiaW8iOm51bGwsImltYWdlIjoiaHR0cHM6Ly9hcGkucmVhbHdvcmxkLmlvL2ltYWdlcy9zbWlsZXktY3lydXMuanBlZyIsImlhdCI6MTY0MjYwMDg5MSwiZXhwIjoxNjQ3Nzg0ODkxfQ.IRrNXyfikDKyhXUXXEnztrG7gjsP1zUmaBAdTG-c8ic
3 > Content-Type: application/json; charset=UTF-8
3 > Content-Length: 30
3 > Host: api.realworld.io
3 > Connection: Keep-Alive
3 > User-Agent: Apache-HttpClient/4.5.13 (Java/1.8.0_311)
3 > Accept-Encoding: gzip,deflate
{"comment":{"body":"Sabroso"}}

09:01:33.843 [com.intuit.karate.cli.Main.main()] DEBUG com.intuit.karate - response time in milliseconds: 389
3 < 200
3 < Date: Wed, 19 Jan 2022 14:01:33 GMT
3 < Content-Type: application/json; charset=utf-8
3 < Transfer-Encoding: chunked
3 < Connection: keep-alive
3 < x-powered-by: Express
3 < access-control-allow-origin: *
3 < etag: W/"ee-BwYk4p8pOCCVdR+ak1XROxgleTU"
3 < via: 1.1 vegur
3 < CF-Cache-Status: DYNAMIC
3 < Expect-CT: max-age=604800, report-uri="https://report-uri.cloudflare.com/cdn-cgi/beacon/expect-ct"
3 < Report-To: {"endpoints":[{"url":"https:\/\/a.nel.cloudflare.com\/report\/v3?s=iTF25dzE%2Faqo4uGvHJFdnGDKauXpXaxxrViymKCGTsNkV5KAHkHkhDRMu8Vj4fgXAxTlOpYZo%2Fzk4kZ4bqfp5mLc6ZzhvyyzjCFeOu%2BnykYWRUZngdABwCbF5OGqSrfLzQq1"}],"group":"cf-nel","max_age":604800}
3 < NEL: {"success_fraction":0,"report_to":"cf-nel","max_age":604800}
3 < Server: cloudflare
3 < CF-RAY: 6d00987cb889ef0a-MIA
3 < alt-svc: h3=":443"; ma=86400, h3-29=":443"; ma=86400
{"comment":{"id":4012,"createdAt":"2022-01-19T14:01:32.975Z","updatedAt":"2022-01-19T14:01:32.975Z","body":"Sabroso","author":{"username":"Aczino","bio":null,"image":"https://api.realworld.io/images/smiley-cyrus.jpeg","following":false}}}
09:01:33.848 [com.intuit.karate.cli.Main.main()] DEBUG c.intuit.karate.core.ScenarioEngine - over-writing existing variable 'timevalidator' with new value: read('classpath:helpers/timeValidator.js')
09:01:33.857 [com.intuit.karate.cli.Main.main()] DEBUG com.intuit.karate - request:
4 > GET https://api.realworld.io/api/articles/Quence-9532/comments
4 > Authorization: Token eyJhbGciOiJIUzI1NiIsInR5cCI6IkpXVCJ9.eyJlbWFpbCI6Imx1ZmZ5QGdtYWlsLmNvbSIsInVzZXJuYW1lIjoiQWN6aW5vIiwicGFzc3dvcmQiOiIkMmEkMTAkcXVmWVF6bVNSVlNMb1RsU3Z2MTllT3V3RThLUFNFakdoakFSZ1Y5WnlyZkZCWFdSYndkTmEiLCJiaW8iOm51bGwsImltYWdlIjoiaHR0cHM6Ly9hcGkucmVhbHdvcmxkLmlvL2ltYWdlcy9zbWlsZXktY3lydXMuanBlZyIsImlhdCI6MTY0MjYwMDg5MSwiZXhwIjoxNjQ3Nzg0ODkxfQ.IRrNXyfikDKyhXUXXEnztrG7gjsP1zUmaBAdTG-c8ic
4 > Host: api.realworld.io
4 > Connection: Keep-Alive
4 > User-Agent: Apache-HttpClient/4.5.13 (Java/1.8.0_311)
4 > Accept-Encoding: gzip,deflate


09:01:34.296 [com.intuit.karate.cli.Main.main()] DEBUG com.intuit.karate - response time in milliseconds: 436
4 < 200
4 < Date: Wed, 19 Jan 2022 14:01:33 GMT
4 < Content-Type: application/json; charset=utf-8
4 < Transfer-Encoding: chunked
4 < Connection: keep-alive
4 < x-powered-by: Express
4 < access-control-allow-origin: *
4 < etag: W/"39b-SVrP0SwyLO8VpELhM4kqAItPP6Q"
4 < via: 1.1 vegur
4 < CF-Cache-Status: DYNAMIC
4 < Expect-CT: max-age=604800, report-uri="https://report-uri.cloudflare.com/cdn-cgi/beacon/expect-ct"
4 < Report-To: {"endpoints":[{"url":"https:\/\/a.nel.cloudflare.com\/report\/v3?s=wZ2%2BOotMxjWoSDgsA1rUBdQ9Ge1y1mfYGc354n%2Bt1OfGd8VA1VYfZK7ocN%2Fcn0bFvjBXfIn3YcP9uMd%2BCPrXuH3iVOIYbxfvfxY%2FTbJbRn5ZseIc6hLD5WI9jrGcthuhyHPy"}],"group":"cf-nel","max_age":604800}
4 < NEL: {"success_fraction":0,"report_to":"cf-nel","max_age":604800}
4 < Server: cloudflare
4 < CF-RAY: 6d00987f4c5a8d97-MIA
4 < alt-svc: h3=":443"; ma=86400, h3-29=":443"; ma=86400
{"comments":[{"id":4012,"createdAt":"2022-01-19T14:01:32.975Z","updatedAt":"2022-01-19T14:01:32.975Z","body":"Sabroso","author":{"username":"Aczino","bio":null,"image":"https://api.realworld.io/images/smiley-cyrus.jpeg","following":false}},{"id":3890,"createdAt":"2022-01-18T23:57:51.571Z","updatedAt":"2022-01-18T23:57:51.571Z","body":"Nice","author":{"username":"Aczino","bio":null,"image":"https://api.realworld.io/images/smiley-cyrus.jpeg","following":false}},{"id":3891,"createdAt":"2022-01-18T23:58:10.040Z","updatedAt":"2022-01-18T23:58:10.040Z","body":"Obvio bobis","author":{"username":"Aczino","bio":null,"image":"https://api.realworld.io/images/smiley-cyrus.jpeg","following":false}},{"id":4007,"createdAt":"2022-01-19T13:57:38.616Z","updatedAt":"2022-01-19T13:57:38.616Z","body":"Sabroso","author":{"username":"Aczino","bio":null,"image":"https://api.realworld.io/images/smiley-cyrus.jpeg","following":false}}]}
09:01:34.314 [com.intuit.karate.cli.Main.main()] INFO  com.intuit.karate - [print] 4 
09:01:34.318 [com.intuit.karate.cli.Main.main()] DEBUG com.intuit.karate - request:
5 > DELETE https://api.realworld.io/api/articles/Quence-9532/comments/4007
5 > Authorization: Token eyJhbGciOiJIUzI1NiIsInR5cCI6IkpXVCJ9.eyJlbWFpbCI6Imx1ZmZ5QGdtYWlsLmNvbSIsInVzZXJuYW1lIjoiQWN6aW5vIiwicGFzc3dvcmQiOiIkMmEkMTAkcXVmWVF6bVNSVlNMb1RsU3Z2MTllT3V3RThLUFNFakdoakFSZ1Y5WnlyZkZCWFdSYndkTmEiLCJiaW8iOm51bGwsImltYWdlIjoiaHR0cHM6Ly9hcGkucmVhbHdvcmxkLmlvL2ltYWdlcy9zbWlsZXktY3lydXMuanBlZyIsImlhdCI6MTY0MjYwMDg5MSwiZXhwIjoxNjQ3Nzg0ODkxfQ.IRrNXyfikDKyhXUXXEnztrG7gjsP1zUmaBAdTG-c8ic
5 > Host: api.realworld.io
5 > Connection: Keep-Alive
5 > User-Agent: Apache-HttpClient/4.5.13 (Java/1.8.0_311)
5 > Accept-Encoding: gzip,deflate


09:01:34.638 [com.intuit.karate.cli.Main.main()] DEBUG com.intuit.karate - response time in milliseconds: 318
5 < 204
5 < Date: Wed, 19 Jan 2022 14:01:33 GMT
5 < Content-Length: 0
5 < Connection: keep-alive
5 < x-powered-by: Express
5 < access-control-allow-origin: *
5 < etag: W/"a-bAsFyilMr4Ra1hIU5PyoyFRunpI"
5 < via: 1.1 vegur
5 < CF-Cache-Status: DYNAMIC
5 < Expect-CT: max-age=604800, report-uri="https://report-uri.cloudflare.com/cdn-cgi/beacon/expect-ct"
5 < Report-To: {"endpoints":[{"url":"https:\/\/a.nel.cloudflare.com\/report\/v3?s=ZgseOJn%2Fxrf0Df0eBaVWjzzt4u16gt%2F1a8U%2FFAaFuU0aDjHPNt7NxHmgwWZ2pWUZQPiqDBto3jc0nmkuTd1wJ9qALFCyEQ49bfR%2Bfcv9k%2Bk%2Fk9rf6QuCmzooGc4g1ekcDOmc"}],"group":"cf-nel","max_age":604800}
5 < NEL: {"success_fraction":0,"report_to":"cf-nel","max_age":604800}
5 < Server: cloudflare
5 < CF-RAY: 6d009881bd838de5-MIA
5 < alt-svc: h3=":443"; ma=86400, h3-29=":443"; ma=86400

09:01:34.646 [com.intuit.karate.cli.Main.main()] DEBUG com.intuit.karate - request:
6 > GET https://api.realworld.io/api/articles/Quence-9532/comments
6 > Authorization: Token eyJhbGciOiJIUzI1NiIsInR5cCI6IkpXVCJ9.eyJlbWFpbCI6Imx1ZmZ5QGdtYWlsLmNvbSIsInVzZXJuYW1lIjoiQWN6aW5vIiwicGFzc3dvcmQiOiIkMmEkMTAkcXVmWVF6bVNSVlNMb1RsU3Z2MTllT3V3RThLUFNFakdoakFSZ1Y5WnlyZkZCWFdSYndkTmEiLCJiaW8iOm51bGwsImltYWdlIjoiaHR0cHM6Ly9hcGkucmVhbHdvcmxkLmlvL2ltYWdlcy9zbWlsZXktY3lydXMuanBlZyIsImlhdCI6MTY0MjYwMDg5MSwiZXhwIjoxNjQ3Nzg0ODkxfQ.IRrNXyfikDKyhXUXXEnztrG7gjsP1zUmaBAdTG-c8ic
6 > Host: api.realworld.io
6 > Connection: Keep-Alive
6 > User-Agent: Apache-HttpClient/4.5.13 (Java/1.8.0_311)
6 > Accept-Encoding: gzip,deflate


09:01:35.044 [com.intuit.karate.cli.Main.main()] DEBUG com.intuit.karate - response time in milliseconds: 396
6 < 200
6 < Date: Wed, 19 Jan 2022 14:01:34 GMT
6 < Content-Type: application/json; charset=utf-8
6 < Transfer-Encoding: chunked
6 < Connection: keep-alive
6 < x-powered-by: Express
6 < access-control-allow-origin: *
6 < etag: W/"2b8-ostuv2c5cAJRce9gfEPn76kwrAY"
6 < via: 1.1 vegur
6 < CF-Cache-Status: DYNAMIC
6 < Expect-CT: max-age=604800, report-uri="https://report-uri.cloudflare.com/cdn-cgi/beacon/expect-ct"
6 < Report-To: {"endpoints":[{"url":"https:\/\/a.nel.cloudflare.com\/report\/v3?s=aNhhHprwroYQz8%2F40hNbe%2BdhANpOwiATeZt%2FU4PdkSgQz51HqxlbyY6TZVBkOkzfhj00AP7CLqEFLLpUgY7386l37siSbzX7rCdObIOg3Z%2FOqcxaxQG5jorP7YeL1uqUwoC2"}],"group":"cf-nel","max_age":604800}
6 < NEL: {"success_fraction":0,"report_to":"cf-nel","max_age":604800}
6 < Server: cloudflare
6 < CF-RAY: 6d0098843b9167e0-MIA
6 < alt-svc: h3=":443"; ma=86400, h3-29=":443"; ma=86400
{"comments":[{"id":4012,"createdAt":"2022-01-19T14:01:32.975Z","updatedAt":"2022-01-19T14:01:32.975Z","body":"Sabroso","author":{"username":"Aczino","bio":null,"image":"https://api.realworld.io/images/smiley-cyrus.jpeg","following":false}},{"id":3890,"createdAt":"2022-01-18T23:57:51.571Z","updatedAt":"2022-01-18T23:57:51.571Z","body":"Nice","author":{"username":"Aczino","bio":null,"image":"https://api.realworld.io/images/smiley-cyrus.jpeg","following":false}},{"id":3891,"createdAt":"2022-01-18T23:58:10.040Z","updatedAt":"2022-01-18T23:58:10.040Z","body":"Obvio bobis","author":{"username":"Aczino","bio":null,"image":"https://api.realworld.io/images/smiley-cyrus.jpeg","following":false}}]}
09:01:36.776 [com.intuit.karate.cli.Main.main()] INFO  com.intuit.karate.Suite - <<pass>> feature 1 of 1 (0 remaining) src/test/java/conduitApp/features/favoriteArticles.feature
